Using pre-set license
Built from '2020.3/staging' branch; Version is '2020.3.6f1 (338bb68529b2) revision 3378102'; Using compiler version '192528614'; Build Type 'Release'
OS: 'Windows 10 Pro; OS build 19043.1466; Version 2009; 64bit' Language: 'en' Physical Memory: 7568 MB
BatchMode: 1, IsHumanControllingUs: 0, StartBugReporterOnCrash: 0, Is64bit: 1, IsPro: 0

 COMMAND LINE ARGUMENTS:
D:\Unity\Hub\Editor\2020.3.6f1\Editor\Unity.exe
-adb2
-batchMode
-noUpm
-name
AssetImportWorker0
-projectPath
D:/Game Development/Respository/Unity 3D/Own/Platformer Experiment
-logFile
Logs/AssetImportWorker0.log
-srvPort
58472
Successfully changed project path to: D:/Game Development/Respository/Unity 3D/Own/Platformer Experiment
D:/Game Development/Respository/Unity 3D/Own/Platformer Experiment
Using Asset Import Pipeline V2.
Refreshing native plugins compatible for Editor in 29.71 ms, found 0 plugins.
Preloading 0 native plugins for Editor in 0.00 ms.
Initialize engine version: 2020.3.6f1 (338bb68529b2)
[Subsystems] Discovering subsystems at path D:/Unity/Hub/Editor/2020.3.6f1/Editor/Data/Resources/UnitySubsystems
[Subsystems] Discovering subsystems at path D:/Game Development/Respository/Unity 3D/Own/Platformer Experiment/Assets
GfxDevice: creating device client; threaded=0
Direct3D:
    Version:  Direct3D 11.0 [level 11.1]
    Renderer: AMD Radeon(TM) Graphics (ID=0x1636)
    Vendor:   
    VRAM:     3784 MB
    Driver:   30.0.13023.1012
Initialize mono
Mono path[0] = 'D:/Unity/Hub/Editor/2020.3.6f1/Editor/Data/Managed'
Mono path[1] = 'D:/Unity/Hub/Editor/2020.3.6f1/Editor/Data/MonoBleedingEdge/lib/mono/unityjit'
Mono config path = 'D:/Unity/Hub/Editor/2020.3.6f1/Editor/Data/MonoBleedingEdge/etc'
Using monoOptions --debugger-agent=transport=dt_socket,embedding=1,server=y,suspend=n,address=127.0.0.1:56280
Begin MonoManager ReloadAssembly
Registering precompiled unity dll's ...
Register platform support module: D:/Unity/Hub/Editor/2020.3.6f1/Editor/Data/PlaybackEngines/WebGLSupport/UnityEditor.WebGL.Extensions.dll
Register platform support module: D:/Unity/Hub/Editor/2020.3.6f1/Editor/Data/PlaybackEngines/WindowsStandaloneSupport/UnityEditor.WindowsStandalone.Extensions.dll
Registered in 0.001997 seconds.
Native extension for WindowsStandalone target not found
Native extension for WebGL target not found
Refreshing native plugins compatible for Editor in 23.34 ms, found 0 plugins.
Preloading 0 native plugins for Editor in 0.00 ms.
Mono: successfully reloaded assembly
- Completed reload, in  2.160 seconds
Platform modules already initialized, skipping
Registering precompiled user dll's ...
Registered in 0.001160 seconds.
Begin MonoManager ReloadAssembly
Native extension for WindowsStandalone target not found
Native extension for WebGL target not found
Refreshing native plugins compatible for Editor in 0.30 ms, found 0 plugins.
Preloading 0 native plugins for Editor in 0.00 ms.
Mono: successfully reloaded assembly
- Completed reload, in  0.929 seconds
Platform modules already initialized, skipping
========================================================================
Worker process is ready to serve import requests
Launched and connected shader compiler UnityShaderCompiler.exe after 0.10 seconds
Refreshing native plugins compatible for Editor in 0.52 ms, found 0 plugins.
Preloading 0 native plugins for Editor in 0.00 ms.
Unloading 1277 Unused Serialized files (Serialized files now loaded: 0)
System memory in use before: 64.3 MB.
System memory in use after: 64.3 MB.

Unloading 11 unused Assets to reduce memory usage. Loaded Objects now: 1719.
Total: 4.450600 ms (FindLiveObjects: 0.284000 ms CreateObjectMapping: 0.091000 ms MarkObjects: 3.891500 ms  DeleteObjects: 0.181900 ms)

========================================================================
Received Import Request.
  path: Assets/Materials
  artifactKey: Guid(74b11c4e4866d9244bfb96dba0f20d17) Importer(815301076,1909f56bfc062723c751e8b465ee728b)
Start importing Assets/Materials using Guid(74b11c4e4866d9244bfb96dba0f20d17) Importer(815301076,1909f56bfc062723c751e8b465ee728b)  -> (artifact id: 'b44dc55af2bff690eb91aa56714def69') in 0.106088 seconds
  Import took 0.128616 seconds .

========================================================================
Received Import Request.
  Time since last request: 0.644287 seconds.
  path: Assets/Materials/Coins.mat
  artifactKey: Guid(e887b773412357a4983ddcb43104caf9) Importer(815301076,1909f56bfc062723c751e8b465ee728b)
Start importing Assets/Materials/Coins.mat using Guid(e887b773412357a4983ddcb43104caf9) Importer(815301076,1909f56bfc062723c751e8b465ee728b)  -> (artifact id: 'b81761f57ded3c637285a0494afebd49') in 0.211612 seconds
  Import took 0.225508 seconds .

========================================================================
Received Import Request.
  Time since last request: 28.898791 seconds.
  path: Assets/Scripts/Collectibles
  artifactKey: Guid(26fdf232668771f498c0b3fdd51ba4d5) Importer(815301076,1909f56bfc062723c751e8b465ee728b)
Start importing Assets/Scripts/Collectibles using Guid(26fdf232668771f498c0b3fdd51ba4d5) Importer(815301076,1909f56bfc062723c751e8b465ee728b)  -> (artifact id: 'c1d294b8bcc8a99a6118112705f3e05a') in 0.016067 seconds
  Import took 0.037608 seconds .

========================================================================
Received Import Request.
  Time since last request: 9.391163 seconds.
  path: Assets/Scripts/Collectibles/Coin.cs
  artifactKey: Guid(5d53f4444c2803043823e62c7b9b1382) Importer(815301076,1909f56bfc062723c751e8b465ee728b)
Start importing Assets/Scripts/Collectibles/Coin.cs using Guid(5d53f4444c2803043823e62c7b9b1382) Importer(815301076,1909f56bfc062723c751e8b465ee728b)  -> (artifact id: 'ae5eb578d3a77670e27d9fe0fea95696') in 0.016917 seconds
  Import took 0.060672 seconds .

========================================================================
Received Prepare
Registering precompiled user dll's ...
Registered in 0.000761 seconds.
Begin MonoManager ReloadAssembly
Native extension for WindowsStandalone target not found
Native extension for WebGL target not found
Refreshing native plugins compatible for Editor in 0.27 ms, found 0 plugins.
Preloading 0 native plugins for Editor in 0.00 ms.
Mono: successfully reloaded assembly
- Completed reload, in  0.855 seconds
Platform modules already initialized, skipping
Refreshing native plugins compatible for Editor in 0.25 ms, found 0 plugins.
Preloading 0 native plugins for Editor in 0.00 ms.
Unloading 1258 Unused Serialized files (Serialized files now loaded: 0)
System memory in use before: 66.1 MB.
System memory in use after: 66.2 MB.

Unloading 6 unused Assets to reduce memory usage. Loaded Objects now: 1763.
Total: 1.829000 ms (FindLiveObjects: 0.262500 ms CreateObjectMapping: 0.034400 ms MarkObjects: 1.466600 ms  DeleteObjects: 0.064300 ms)

========================================================================
Received Import Request.
  Time since last request: 13.322522 seconds.
  path: Assets
  artifactKey: Guid(00000000000000001000000000000000) Importer(815301076,1909f56bfc062723c751e8b465ee728b)
Start importing Assets using Guid(00000000000000001000000000000000) Importer(815301076,1909f56bfc062723c751e8b465ee728b)  -> (artifact id: '2c602d4445bd9e0e517b9a7c882a2249') in 0.016110 seconds
  Import took 0.031710 seconds .

========================================================================
Received Prepare
Registering precompiled user dll's ...
Registered in 0.001060 seconds.
Begin MonoManager ReloadAssembly
Native extension for WindowsStandalone target not found
Native extension for WebGL target not found
Refreshing native plugins compatible for Editor in 0.27 ms, found 0 plugins.
Preloading 0 native plugins for Editor in 0.00 ms.
Mono: successfully reloaded assembly
- Completed reload, in  0.863 seconds
Platform modules already initialized, skipping
Refreshing native plugins compatible for Editor in 0.25 ms, found 0 plugins.
Preloading 0 native plugins for Editor in 0.00 ms.
Unloading 1258 Unused Serialized files (Serialized files now loaded: 0)
System memory in use before: 66.1 MB.
System memory in use after: 66.2 MB.

Unloading 6 unused Assets to reduce memory usage. Loaded Objects now: 1766.
Total: 4.346900 ms (FindLiveObjects: 0.680900 ms CreateObjectMapping: 0.118100 ms MarkObjects: 3.392500 ms  DeleteObjects: 0.151300 ms)

========================================================================
Received Import Request.
  Time since last request: 128.708037 seconds.
  path: ProjectSettings/TagManager.asset
  artifactKey: Guid(00000000000000003000000000000000) Importer(815301076,1909f56bfc062723c751e8b465ee728b)
Start importing ProjectSettings/TagManager.asset using Guid(00000000000000003000000000000000) Importer(815301076,1909f56bfc062723c751e8b465ee728b)  -> (artifact id: '7960a73919d8baa12bca0e2fc225c862') in 0.024898 seconds
  Import took 0.039179 seconds .

========================================================================
Received Prepare
Registering precompiled user dll's ...
Registered in 0.000807 seconds.
Begin MonoManager ReloadAssembly
Native extension for WindowsStandalone target not found
Native extension for WebGL target not found
Refreshing native plugins compatible for Editor in 0.26 ms, found 0 plugins.
Preloading 0 native plugins for Editor in 0.00 ms.
Mono: successfully reloaded assembly
- Completed reload, in  0.914 seconds
Platform modules already initialized, skipping
Refreshing native plugins compatible for Editor in 0.30 ms, found 0 plugins.
Preloading 0 native plugins for Editor in 0.00 ms.
Unloading 1258 Unused Serialized files (Serialized files now loaded: 0)
System memory in use before: 66.2 MB.
System memory in use after: 66.3 MB.

Unloading 7 unused Assets to reduce memory usage. Loaded Objects now: 1769.
Total: 2.419800 ms (FindLiveObjects: 0.350800 ms CreateObjectMapping: 0.046700 ms MarkObjects: 1.938600 ms  DeleteObjects: 0.080800 ms)

========================================================================
Received Prepare
Registering precompiled user dll's ...
Registered in 0.000815 seconds.
Begin MonoManager ReloadAssembly
Native extension for WindowsStandalone target not found
Native extension for WebGL target not found
Refreshing native plugins compatible for Editor in 0.76 ms, found 0 plugins.
Preloading 0 native plugins for Editor in 0.00 ms.
Mono: successfully reloaded assembly
- Completed reload, in  0.903 seconds
Platform modules already initialized, skipping
Refreshing native plugins compatible for Editor in 0.26 ms, found 0 plugins.
Preloading 0 native plugins for Editor in 0.00 ms.
Unloading 1258 Unused Serialized files (Serialized files now loaded: 0)
System memory in use before: 66.2 MB.
System memory in use after: 66.3 MB.

Unloading 6 unused Assets to reduce memory usage. Loaded Objects now: 1772.
Total: 2.122000 ms (FindLiveObjects: 0.206600 ms CreateObjectMapping: 0.035200 ms MarkObjects: 1.801600 ms  DeleteObjects: 0.077400 ms)

========================================================================
Received Prepare
Registering precompiled user dll's ...
Registered in 0.001289 seconds.
Begin MonoManager ReloadAssembly
Native extension for WindowsStandalone target not found
Native extension for WebGL target not found
Refreshing native plugins compatible for Editor in 0.27 ms, found 0 plugins.
Preloading 0 native plugins for Editor in 0.00 ms.
Mono: successfully reloaded assembly
- Completed reload, in  0.881 seconds
Platform modules already initialized, skipping
Refreshing native plugins compatible for Editor in 0.29 ms, found 0 plugins.
Preloading 0 native plugins for Editor in 0.00 ms.
Unloading 1258 Unused Serialized files (Serialized files now loaded: 0)
System memory in use before: 66.2 MB.
System memory in use after: 66.3 MB.

Unloading 6 unused Assets to reduce memory usage. Loaded Objects now: 1775.
Total: 4.138200 ms (FindLiveObjects: 0.582000 ms CreateObjectMapping: 0.060900 ms MarkObjects: 3.368300 ms  DeleteObjects: 0.123500 ms)

========================================================================
Received Prepare
Registering precompiled user dll's ...
Registered in 0.000975 seconds.
Begin MonoManager ReloadAssembly
Native extension for WindowsStandalone target not found
Native extension for WebGL target not found
Refreshing native plugins compatible for Editor in 0.33 ms, found 0 plugins.
Preloading 0 native plugins for Editor in 0.00 ms.
Mono: successfully reloaded assembly
- Completed reload, in  0.848 seconds
Platform modules already initialized, skipping
Refreshing native plugins compatible for Editor in 0.40 ms, found 0 plugins.
Preloading 0 native plugins for Editor in 0.00 ms.
Unloading 1258 Unused Serialized files (Serialized files now loaded: 0)
System memory in use before: 66.2 MB.
System memory in use after: 66.3 MB.

Unloading 6 unused Assets to reduce memory usage. Loaded Objects now: 1778.
Total: 2.222100 ms (FindLiveObjects: 0.225900 ms CreateObjectMapping: 0.039300 ms MarkObjects: 1.877900 ms  DeleteObjects: 0.077400 ms)

========================================================================
Received Import Request.
  Time since last request: 200.478145 seconds.
  path: Assets/Physic Material
  artifactKey: Guid(9947f345282c4dc488e78ca596bde545) Importer(815301076,1909f56bfc062723c751e8b465ee728b)
Start importing Assets/Physic Material using Guid(9947f345282c4dc488e78ca596bde545) Importer(815301076,1909f56bfc062723c751e8b465ee728b)  -> (artifact id: '23149fd4918a48012a775c34441da2c6') in 0.012614 seconds
  Import took 0.026590 seconds .

========================================================================
Received Import Request.
  Time since last request: 14.324655 seconds.
  path: Assets/Physic Material/Zero Friction.physicMaterial
  artifactKey: Guid(801f5aa5bfa80ae419195ca9e37b5e56) Importer(815301076,1909f56bfc062723c751e8b465ee728b)
Start importing Assets/Physic Material/Zero Friction.physicMaterial using Guid(801f5aa5bfa80ae419195ca9e37b5e56) Importer(815301076,1909f56bfc062723c751e8b465ee728b)  -> (artifact id: '747b40abbd1738239121f33243f79528') in 0.024810 seconds
  Import took 0.030127 seconds .

========================================================================
Received Import Request.
  Time since last request: 0.004059 seconds.
  path: Assets/Physic Material/Zero Friction.physicMaterial
  artifactKey: Guid(801f5aa5bfa80ae419195ca9e37b5e56) Importer(815301076,1909f56bfc062723c751e8b465ee728b)
Start importing Assets/Physic Material/Zero Friction.physicMaterial using Guid(801f5aa5bfa80ae419195ca9e37b5e56) Importer(815301076,1909f56bfc062723c751e8b465ee728b)  -> (artifact id: '747b40abbd1738239121f33243f79528') in 0.004205 seconds
  Import took 0.017878 seconds .

========================================================================
Received Import Request.
  Time since last request: 1157.018812 seconds.
  path: Assets/Scripts/Managers
  artifactKey: Guid(620e9876509519a46afd17fc8efb4c15) Importer(815301076,1909f56bfc062723c751e8b465ee728b)
Start importing Assets/Scripts/Managers using Guid(620e9876509519a46afd17fc8efb4c15) Importer(815301076,1909f56bfc062723c751e8b465ee728b)  -> (artifact id: 'f1a9a76e5eddffe4b6a20515780148ec') in 0.048903 seconds
  Import took 0.066071 seconds .

========================================================================
Received Import Request.
  Time since last request: 11.360195 seconds.
  path: Assets/Scripts/Managers/GameManager.cs
  artifactKey: Guid(3a8eacad76cd0e64da7240d0f9d4a103) Importer(815301076,1909f56bfc062723c751e8b465ee728b)
Start importing Assets/Scripts/Managers/GameManager.cs using Guid(3a8eacad76cd0e64da7240d0f9d4a103) Importer(815301076,1909f56bfc062723c751e8b465ee728b)  -> (artifact id: '620c73ce18e9051b8e576d3c5a6d3264') in 1.007181 seconds
  Import took 1.067824 seconds .

========================================================================
Received Prepare
Registering precompiled user dll's ...
Registered in 0.001120 seconds.
Begin MonoManager ReloadAssembly
Native extension for WindowsStandalone target not found
Native extension for WebGL target not found
Refreshing native plugins compatible for Editor in 0.26 ms, found 0 plugins.
Preloading 0 native plugins for Editor in 0.00 ms.
Mono: successfully reloaded assembly
- Completed reload, in  0.836 seconds
Platform modules already initialized, skipping
Refreshing native plugins compatible for Editor in 0.29 ms, found 0 plugins.
Preloading 0 native plugins for Editor in 0.00 ms.
Unloading 1259 Unused Serialized files (Serialized files now loaded: 0)
System memory in use before: 66.2 MB.
System memory in use after: 66.3 MB.

Unloading 6 unused Assets to reduce memory usage. Loaded Objects now: 1782.
Total: 2.031500 ms (FindLiveObjects: 0.192600 ms CreateObjectMapping: 0.029800 ms MarkObjects: 1.732600 ms  DeleteObjects: 0.075300 ms)

========================================================================
Received Prepare
Registering precompiled user dll's ...
Registered in 0.001848 seconds.
Begin MonoManager ReloadAssembly
Native extension for WindowsStandalone target not found
Native extension for WebGL target not found
Refreshing native plugins compatible for Editor in 0.26 ms, found 0 plugins.
Preloading 0 native plugins for Editor in 0.00 ms.
Mono: successfully reloaded assembly
- Completed reload, in  0.864 seconds
Platform modules already initialized, skipping
Refreshing native plugins compatible for Editor in 0.26 ms, found 0 plugins.
Preloading 0 native plugins for Editor in 0.00 ms.
Unloading 1259 Unused Serialized files (Serialized files now loaded: 0)
System memory in use before: 66.2 MB.
System memory in use after: 66.3 MB.

Unloading 6 unused Assets to reduce memory usage. Loaded Objects now: 1785.
Total: 2.155200 ms (FindLiveObjects: 0.351000 ms CreateObjectMapping: 0.061900 ms MarkObjects: 1.672100 ms  DeleteObjects: 0.068700 ms)

========================================================================
Received Import Request.
  Time since last request: 288.748785 seconds.
  path: Assets/Scripts/Managers/GameManager.cs
  artifactKey: Guid(3a8eacad76cd0e64da7240d0f9d4a103) Importer(815301076,1909f56bfc062723c751e8b465ee728b)
Start importing Assets/Scripts/Managers/GameManager.cs using Guid(3a8eacad76cd0e64da7240d0f9d4a103) Importer(815301076,1909f56bfc062723c751e8b465ee728b)  -> (artifact id: 'bfc9be54b26927d1fca956db17c694c4') in 0.006246 seconds
  Import took 0.020843 seconds .

========================================================================
Received Import Request.
  Time since last request: 0.004724 seconds.
  path: Assets/Scripts/Managers/GameManager.cs
  artifactKey: Guid(3a8eacad76cd0e64da7240d0f9d4a103) Importer(815301076,1909f56bfc062723c751e8b465ee728b)
Start importing Assets/Scripts/Managers/GameManager.cs using Guid(3a8eacad76cd0e64da7240d0f9d4a103) Importer(815301076,1909f56bfc062723c751e8b465ee728b)  -> (artifact id: 'bfc9be54b26927d1fca956db17c694c4') in 0.016227 seconds
  Import took 0.019685 seconds .

========================================================================
Received Import Request.
  Time since last request: 365.574749 seconds.
  path: Assets/Scripts/Managers/HUDManager.cs
  artifactKey: Guid(5e4f2e7bf98d5e14cb3aebb8a0d5073c) Importer(815301076,1909f56bfc062723c751e8b465ee728b)
Start importing Assets/Scripts/Managers/HUDManager.cs using Guid(5e4f2e7bf98d5e14cb3aebb8a0d5073c) Importer(815301076,1909f56bfc062723c751e8b465ee728b)  -> (artifact id: 'e43e776ea4b32884c0f9b90931cc5216') in 0.036993 seconds
  Import took 0.069293 seconds .

========================================================================
Received Prepare
Registering precompiled user dll's ...
Registered in 0.000715 seconds.
Begin MonoManager ReloadAssembly
Native extension for WindowsStandalone target not found
Native extension for WebGL target not found
Refreshing native plugins compatible for Editor in 0.27 ms, found 0 plugins.
Preloading 0 native plugins for Editor in 0.00 ms.
Mono: successfully reloaded assembly
- Completed reload, in  0.922 seconds
Platform modules already initialized, skipping
Refreshing native plugins compatible for Editor in 0.35 ms, found 0 plugins.
Preloading 0 native plugins for Editor in 0.00 ms.
Unloading 1260 Unused Serialized files (Serialized files now loaded: 0)
System memory in use before: 66.3 MB.
System memory in use after: 66.3 MB.

Unloading 6 unused Assets to reduce memory usage. Loaded Objects now: 1789.
Total: 3.358500 ms (FindLiveObjects: 0.379000 ms CreateObjectMapping: 0.075700 ms MarkObjects: 2.825600 ms  DeleteObjects: 0.075600 ms)

========================================================================
Received Prepare
Registering precompiled user dll's ...
Registered in 0.001691 seconds.
Begin MonoManager ReloadAssembly
Native extension for WindowsStandalone target not found
Native extension for WebGL target not found
Refreshing native plugins compatible for Editor in 0.27 ms, found 0 plugins.
Preloading 0 native plugins for Editor in 0.00 ms.
Mono: successfully reloaded assembly
- Completed reload, in  0.902 seconds
Platform modules already initialized, skipping
Refreshing native plugins compatible for Editor in 0.26 ms, found 0 plugins.
Preloading 0 native plugins for Editor in 0.00 ms.
Unloading 1260 Unused Serialized files (Serialized files now loaded: 0)
System memory in use before: 66.3 MB.
System memory in use after: 66.3 MB.

Unloading 6 unused Assets to reduce memory usage. Loaded Objects now: 1792.
Total: 2.333900 ms (FindLiveObjects: 0.237700 ms CreateObjectMapping: 0.041400 ms MarkObjects: 1.980000 ms  DeleteObjects: 0.072900 ms)

========================================================================
Received Prepare
Registering precompiled user dll's ...
Registered in 0.000965 seconds.
Begin MonoManager ReloadAssembly
Native extension for WindowsStandalone target not found
Native extension for WebGL target not found
Refreshing native plugins compatible for Editor in 0.26 ms, found 0 plugins.
Preloading 0 native plugins for Editor in 0.00 ms.
Mono: successfully reloaded assembly
- Completed reload, in  0.891 seconds
Platform modules already initialized, skipping
Refreshing native plugins compatible for Editor in 0.32 ms, found 0 plugins.
Preloading 0 native plugins for Editor in 0.00 ms.
Unloading 1260 Unused Serialized files (Serialized files now loaded: 0)
System memory in use before: 66.3 MB.
System memory in use after: 66.3 MB.

Unloading 6 unused Assets to reduce memory usage. Loaded Objects now: 1795.
Total: 2.769700 ms (FindLiveObjects: 0.424800 ms CreateObjectMapping: 0.050200 ms MarkObjects: 2.218200 ms  DeleteObjects: 0.074900 ms)

========================================================================
Received Prepare
Registering precompiled user dll's ...
Registered in 0.000768 seconds.
Begin MonoManager ReloadAssembly
Native extension for WindowsStandalone target not found
Native extension for WebGL target not found
Refreshing native plugins compatible for Editor in 0.32 ms, found 0 plugins.
Preloading 0 native plugins for Editor in 0.00 ms.
Mono: successfully reloaded assembly
- Completed reload, in  0.851 seconds
Platform modules already initialized, skipping
Refreshing native plugins compatible for Editor in 0.30 ms, found 0 plugins.
Preloading 0 native plugins for Editor in 0.00 ms.
Unloading 1260 Unused Serialized files (Serialized files now loaded: 0)
System memory in use before: 66.3 MB.
System memory in use after: 66.4 MB.

Unloading 6 unused Assets to reduce memory usage. Loaded Objects now: 1798.
Total: 2.417000 ms (FindLiveObjects: 0.275200 ms CreateObjectMapping: 0.045600 ms MarkObjects: 2.014300 ms  DeleteObjects: 0.079900 ms)

========================================================================
Received Prepare
Registering precompiled user dll's ...
Registered in 0.000781 seconds.
Begin MonoManager ReloadAssembly
Native extension for WindowsStandalone target not found
Native extension for WebGL target not found
Refreshing native plugins compatible for Editor in 0.33 ms, found 0 plugins.
Preloading 0 native plugins for Editor in 0.00 ms.
Mono: successfully reloaded assembly
- Completed reload, in  0.933 seconds
Platform modules already initialized, skipping
Refreshing native plugins compatible for Editor in 0.28 ms, found 0 plugins.
Preloading 0 native plugins for Editor in 0.00 ms.
Unloading 1260 Unused Serialized files (Serialized files now loaded: 0)
System memory in use before: 66.3 MB.
System memory in use after: 66.4 MB.

Unloading 6 unused Assets to reduce memory usage. Loaded Objects now: 1801.
Total: 2.087300 ms (FindLiveObjects: 0.220100 ms CreateObjectMapping: 0.039300 ms MarkObjects: 1.749100 ms  DeleteObjects: 0.077700 ms)

========================================================================
Received Prepare
Registering precompiled user dll's ...
Registered in 0.000728 seconds.
Begin MonoManager ReloadAssembly
Native extension for WindowsStandalone target not found
Native extension for WebGL target not found
Refreshing native plugins compatible for Editor in 0.27 ms, found 0 plugins.
Preloading 0 native plugins for Editor in 0.00 ms.
Mono: successfully reloaded assembly
- Completed reload, in  0.891 seconds
Platform modules already initialized, skipping
Refreshing native plugins compatible for Editor in 0.37 ms, found 0 plugins.
Preloading 0 native plugins for Editor in 0.00 ms.
Unloading 1260 Unused Serialized files (Serialized files now loaded: 0)
System memory in use before: 66.3 MB.
System memory in use after: 66.4 MB.

Unloading 6 unused Assets to reduce memory usage. Loaded Objects now: 1804.
Total: 4.440700 ms (FindLiveObjects: 0.664100 ms CreateObjectMapping: 0.198300 ms MarkObjects: 3.423000 ms  DeleteObjects: 0.135800 ms)

========================================================================
Received Prepare
Registering precompiled user dll's ...
Registered in 0.000707 seconds.
Begin MonoManager ReloadAssembly
Native extension for WindowsStandalone target not found
Native extension for WebGL target not found
Refreshing native plugins compatible for Editor in 0.27 ms, found 0 plugins.
Preloading 0 native plugins for Editor in 0.00 ms.
Mono: successfully reloaded assembly
- Completed reload, in  0.863 seconds
Platform modules already initialized, skipping
Refreshing native plugins compatible for Editor in 0.25 ms, found 0 plugins.
Preloading 0 native plugins for Editor in 0.00 ms.
Unloading 1260 Unused Serialized files (Serialized files now loaded: 0)
System memory in use before: 66.3 MB.
System memory in use after: 66.4 MB.

Unloading 6 unused Assets to reduce memory usage. Loaded Objects now: 1807.
Total: 2.338600 ms (FindLiveObjects: 0.254000 ms CreateObjectMapping: 0.040800 ms MarkObjects: 1.963800 ms  DeleteObjects: 0.077700 ms)

========================================================================
Received Import Request.
  Time since last request: 976.883775 seconds.
  path: Assets/Scenes/SampleScene.unity
  artifactKey: Guid(9fc0d4010bbf28b4594072e72b8655ab) Importer(815301076,1909f56bfc062723c751e8b465ee728b)
Start importing Assets/Scenes/SampleScene.unity using Guid(9fc0d4010bbf28b4594072e72b8655ab) Importer(815301076,1909f56bfc062723c751e8b465ee728b)  -> (artifact id: '1a680012b9031d47c569358d658a0be6') in 0.028416 seconds
  Import took 0.039837 seconds .

========================================================================
Received Import Request.
  Time since last request: 6.593736 seconds.
  path: Assets/Scenes/Main Scene.unity
  artifactKey: Guid(9fc0d4010bbf28b4594072e72b8655ab) Importer(815301076,1909f56bfc062723c751e8b465ee728b)
Start importing Assets/Scenes/Main Scene.unity using Guid(9fc0d4010bbf28b4594072e72b8655ab) Importer(815301076,1909f56bfc062723c751e8b465ee728b)  -> (artifact id: 'e866e944391413f92d3954fd0e548a39') in 0.028222 seconds
  Import took 0.042227 seconds .

========================================================================
Received Prepare
Registering precompiled user dll's ...
Registered in 0.001347 seconds.
Begin MonoManager ReloadAssembly
Native extension for WindowsStandalone target not found
Native extension for WebGL target not found
Refreshing native plugins compatible for Editor in 0.30 ms, found 0 plugins.
Preloading 0 native plugins for Editor in 0.00 ms.
Mono: successfully reloaded assembly
- Completed reload, in  1.256 seconds
Platform modules already initialized, skipping
Refreshing native plugins compatible for Editor in 0.26 ms, found 0 plugins.
Preloading 0 native plugins for Editor in 0.00 ms.
Unloading 1260 Unused Serialized files (Serialized files now loaded: 0)
System memory in use before: 66.3 MB.
System memory in use after: 66.4 MB.

Unloading 6 unused Assets to reduce memory usage. Loaded Objects now: 1810.
Total: 12.257900 ms (FindLiveObjects: 1.301000 ms CreateObjectMapping: 0.277100 ms MarkObjects: 10.176300 ms  DeleteObjects: 0.498500 ms)

