Using pre-set license
Built from '2020.3/staging' branch; Version is '2020.3.6f1 (338bb68529b2) revision 3378102'; Using compiler version '192528614'; Build Type 'Release'
OS: 'Windows 10 Pro; OS build 19043.1466; Version 2009; 64bit' Language: 'en' Physical Memory: 7568 MB
BatchMode: 1, IsHumanControllingUs: 0, StartBugReporterOnCrash: 0, Is64bit: 1, IsPro: 0

 COMMAND LINE ARGUMENTS:
D:\Unity\Hub\Editor\2020.3.6f1\Editor\Unity.exe
-adb2
-batchMode
-noUpm
-name
AssetImportWorker1
-projectPath
D:/Game Development/Respository/Unity 3D/Own/Platformer Experiment
-logFile
Logs/AssetImportWorker1.log
-srvPort
62682
Successfully changed project path to: D:/Game Development/Respository/Unity 3D/Own/Platformer Experiment
D:/Game Development/Respository/Unity 3D/Own/Platformer Experiment
Using Asset Import Pipeline V2.
Refreshing native plugins compatible for Editor in 24.27 ms, found 0 plugins.
Preloading 0 native plugins for Editor in 0.00 ms.
Initialize engine version: 2020.3.6f1 (338bb68529b2)
[Subsystems] Discovering subsystems at path D:/Unity/Hub/Editor/2020.3.6f1/Editor/Data/Resources/UnitySubsystems
[Subsystems] Discovering subsystems at path D:/Game Development/Respository/Unity 3D/Own/Platformer Experiment/Assets
GfxDevice: creating device client; threaded=0
Direct3D:
    Version:  Direct3D 11.0 [level 11.1]
    Renderer: AMD Radeon(TM) Graphics (ID=0x1636)
    Vendor:   
    VRAM:     3784 MB
    Driver:   30.0.13023.1012
Initialize mono
Mono path[0] = 'D:/Unity/Hub/Editor/2020.3.6f1/Editor/Data/Managed'
Mono path[1] = 'D:/Unity/Hub/Editor/2020.3.6f1/Editor/Data/MonoBleedingEdge/lib/mono/unityjit'
Mono config path = 'D:/Unity/Hub/Editor/2020.3.6f1/Editor/Data/MonoBleedingEdge/etc'
Using monoOptions --debugger-agent=transport=dt_socket,embedding=1,server=y,suspend=n,address=127.0.0.1:56260
Begin MonoManager ReloadAssembly
Registering precompiled unity dll's ...
Register platform support module: D:/Unity/Hub/Editor/2020.3.6f1/Editor/Data/PlaybackEngines/WebGLSupport/UnityEditor.WebGL.Extensions.dll
Register platform support module: D:/Unity/Hub/Editor/2020.3.6f1/Editor/Data/PlaybackEngines/WindowsStandaloneSupport/UnityEditor.WindowsStandalone.Extensions.dll
Registered in 0.001322 seconds.
Native extension for WindowsStandalone target not found
Native extension for WebGL target not found
Refreshing native plugins compatible for Editor in 24.35 ms, found 0 plugins.
Preloading 0 native plugins for Editor in 0.00 ms.
Mono: successfully reloaded assembly
- Completed reload, in  2.258 seconds
Platform modules already initialized, skipping
Registering precompiled user dll's ...
Registered in 0.000847 seconds.
Begin MonoManager ReloadAssembly
Native extension for WindowsStandalone target not found
Native extension for WebGL target not found
Refreshing native plugins compatible for Editor in 0.62 ms, found 0 plugins.
Preloading 0 native plugins for Editor in 0.00 ms.
Mono: successfully reloaded assembly
- Completed reload, in  1.169 seconds
Platform modules already initialized, skipping
========================================================================
Worker process is ready to serve import requests
Launched and connected shader compiler UnityShaderCompiler.exe after 0.33 seconds
Refreshing native plugins compatible for Editor in 0.59 ms, found 0 plugins.
Preloading 0 native plugins for Editor in 0.00 ms.
Unloading 1280 Unused Serialized files (Serialized files now loaded: 0)
System memory in use before: 64.3 MB.
System memory in use after: 64.4 MB.

Unloading 11 unused Assets to reduce memory usage. Loaded Objects now: 1723.
Total: 2.033000 ms (FindLiveObjects: 0.221500 ms CreateObjectMapping: 0.031100 ms MarkObjects: 1.657200 ms  DeleteObjects: 0.121200 ms)

========================================================================
Received Import Request.
  path: Assets/Physic Material/Zero Friction.physicMaterial
  artifactKey: Guid(801f5aa5bfa80ae419195ca9e37b5e56) Importer(815301076,1909f56bfc062723c751e8b465ee728b)
Start importing Assets/Physic Material/Zero Friction.physicMaterial using Guid(801f5aa5bfa80ae419195ca9e37b5e56) Importer(815301076,1909f56bfc062723c751e8b465ee728b)  -> (artifact id: '3bd29b951c668c53ce594e550a7312a2') in 0.218575 seconds
  Import took 0.235545 seconds .

========================================================================
Received Import Request.
  Time since last request: 0.000518 seconds.
  path: Assets/Materials/Red.mat
  artifactKey: Guid(2854b06464421a848a8a09b71e7544ec) Importer(815301076,1909f56bfc062723c751e8b465ee728b)
Start importing Assets/Materials/Red.mat using Guid(2854b06464421a848a8a09b71e7544ec) Importer(815301076,1909f56bfc062723c751e8b465ee728b)  -> (artifact id: 'e3f73f74fca7f68f12eaaa4ecae13ccf') in 0.310804 seconds
  Import took 0.323685 seconds .

========================================================================
Received Import Request.
  Time since last request: 0.000269 seconds.
  path: Assets/Materials/Coins.mat
  artifactKey: Guid(e887b773412357a4983ddcb43104caf9) Importer(815301076,1909f56bfc062723c751e8b465ee728b)
Start importing Assets/Materials/Coins.mat using Guid(e887b773412357a4983ddcb43104caf9) Importer(815301076,1909f56bfc062723c751e8b465ee728b)  -> (artifact id: '6c18a934bd20b69cc118fda54ba59966') in 0.083803 seconds
  Import took 0.095564 seconds .

========================================================================
Received Import Request.
  Time since last request: 116.900866 seconds.
  path: Assets/Scripts/Enemy.cs
  artifactKey: Guid(5daacd72887715a4a841f43cf071959a) Importer(815301076,1909f56bfc062723c751e8b465ee728b)
Start importing Assets/Scripts/Enemy.cs using Guid(5daacd72887715a4a841f43cf071959a) Importer(815301076,1909f56bfc062723c751e8b465ee728b)  -> (artifact id: '4be36a4049f2c86c302c84bb99a4f090') in 0.023197 seconds
  Import took 0.057450 seconds .

========================================================================
Received Prepare
Registering precompiled user dll's ...
Registered in 0.000759 seconds.
Begin MonoManager ReloadAssembly
Native extension for WindowsStandalone target not found
Native extension for WebGL target not found
Refreshing native plugins compatible for Editor in 0.51 ms, found 0 plugins.
Preloading 0 native plugins for Editor in 0.00 ms.
Mono: successfully reloaded assembly
- Completed reload, in  0.853 seconds
Platform modules already initialized, skipping
Refreshing native plugins compatible for Editor in 0.27 ms, found 0 plugins.
Preloading 0 native plugins for Editor in 0.00 ms.
Unloading 1261 Unused Serialized files (Serialized files now loaded: 0)
System memory in use before: 66.2 MB.
System memory in use after: 66.3 MB.

Unloading 6 unused Assets to reduce memory usage. Loaded Objects now: 1767.
Total: 4.084100 ms (FindLiveObjects: 0.459600 ms CreateObjectMapping: 0.055800 ms MarkObjects: 3.378400 ms  DeleteObjects: 0.186700 ms)

========================================================================
Received Prepare
Registering precompiled user dll's ...
Registered in 0.000721 seconds.
Begin MonoManager ReloadAssembly
Native extension for WindowsStandalone target not found
Native extension for WebGL target not found
Refreshing native plugins compatible for Editor in 0.32 ms, found 0 plugins.
Preloading 0 native plugins for Editor in 0.00 ms.
Mono: successfully reloaded assembly
- Completed reload, in  0.829 seconds
Platform modules already initialized, skipping
Refreshing native plugins compatible for Editor in 0.51 ms, found 0 plugins.
Preloading 0 native plugins for Editor in 0.00 ms.
Unloading 1261 Unused Serialized files (Serialized files now loaded: 0)
System memory in use before: 66.3 MB.
System memory in use after: 66.3 MB.

Unloading 6 unused Assets to reduce memory usage. Loaded Objects now: 1770.
Total: 2.294600 ms (FindLiveObjects: 0.309800 ms CreateObjectMapping: 0.033100 ms MarkObjects: 1.854800 ms  DeleteObjects: 0.094700 ms)

========================================================================
Received Import Request.
  Time since last request: 1531.671401 seconds.
  path: Assets/Scripts/Enemy
  artifactKey: Guid(c8ab14c34fa0d5b45871d34e236399a9) Importer(815301076,1909f56bfc062723c751e8b465ee728b)
Start importing Assets/Scripts/Enemy using Guid(c8ab14c34fa0d5b45871d34e236399a9) Importer(815301076,1909f56bfc062723c751e8b465ee728b)  -> (artifact id: 'ad3ee65328d174a40c709a28a2e2c77c') in 0.006592 seconds
  Import took 0.018372 seconds .

========================================================================
Received Prepare
Registering precompiled user dll's ...
Registered in 0.001202 seconds.
Begin MonoManager ReloadAssembly
Native extension for WindowsStandalone target not found
Native extension for WebGL target not found
Refreshing native plugins compatible for Editor in 0.27 ms, found 0 plugins.
Preloading 0 native plugins for Editor in 0.00 ms.
Mono: successfully reloaded assembly
- Completed reload, in  0.913 seconds
Platform modules already initialized, skipping
Refreshing native plugins compatible for Editor in 0.28 ms, found 0 plugins.
Preloading 0 native plugins for Editor in 0.00 ms.
Unloading 1261 Unused Serialized files (Serialized files now loaded: 0)
System memory in use before: 66.3 MB.
System memory in use after: 66.3 MB.

Unloading 6 unused Assets to reduce memory usage. Loaded Objects now: 1773.
Total: 2.646100 ms (FindLiveObjects: 0.331900 ms CreateObjectMapping: 0.037900 ms MarkObjects: 2.179200 ms  DeleteObjects: 0.094300 ms)

========================================================================
Received Import Request.
  Time since last request: 60.557142 seconds.
  path: Assets/Scripts/Enemy/PathConfigSO.cs
  artifactKey: Guid(eaea0ab19fd73d94fbb2ef19ef6bcf9a) Importer(815301076,1909f56bfc062723c751e8b465ee728b)
Start importing Assets/Scripts/Enemy/PathConfigSO.cs using Guid(eaea0ab19fd73d94fbb2ef19ef6bcf9a) Importer(815301076,1909f56bfc062723c751e8b465ee728b)  -> (artifact id: 'cc54b969966715eb964460da5d18126c') in 0.021993 seconds
  Import took 0.025479 seconds .

========================================================================
Received Prepare
Registering precompiled user dll's ...
Registered in 0.000724 seconds.
Begin MonoManager ReloadAssembly
Native extension for WindowsStandalone target not found
Native extension for WebGL target not found
Refreshing native plugins compatible for Editor in 0.27 ms, found 0 plugins.
Preloading 0 native plugins for Editor in 0.00 ms.
Mono: successfully reloaded assembly
- Completed reload, in  0.899 seconds
Platform modules already initialized, skipping
Refreshing native plugins compatible for Editor in 0.30 ms, found 0 plugins.
Preloading 0 native plugins for Editor in 0.00 ms.
Unloading 1262 Unused Serialized files (Serialized files now loaded: 0)
System memory in use before: 66.3 MB.
System memory in use after: 66.4 MB.

Unloading 6 unused Assets to reduce memory usage. Loaded Objects now: 1777.
Total: 1.965100 ms (FindLiveObjects: 0.182200 ms CreateObjectMapping: 0.029400 ms MarkObjects: 1.673400 ms  DeleteObjects: 0.079000 ms)

========================================================================
Received Prepare
Registering precompiled user dll's ...
Registered in 0.000967 seconds.
Begin MonoManager ReloadAssembly
Native extension for WindowsStandalone target not found
Native extension for WebGL target not found
Refreshing native plugins compatible for Editor in 0.30 ms, found 0 plugins.
Preloading 0 native plugins for Editor in 0.00 ms.
Mono: successfully reloaded assembly
- Completed reload, in  0.804 seconds
Platform modules already initialized, skipping
Refreshing native plugins compatible for Editor in 0.50 ms, found 0 plugins.
Preloading 0 native plugins for Editor in 0.00 ms.
Unloading 1262 Unused Serialized files (Serialized files now loaded: 0)
System memory in use before: 66.3 MB.
System memory in use after: 66.4 MB.

Unloading 6 unused Assets to reduce memory usage. Loaded Objects now: 1780.
Total: 2.171900 ms (FindLiveObjects: 0.309300 ms CreateObjectMapping: 0.047700 ms MarkObjects: 1.738500 ms  DeleteObjects: 0.073900 ms)

========================================================================
Received Import Request.
  Time since last request: 197.160134 seconds.
  path: Assets/Scripts/Enemy/PathConfigSO.cs
  artifactKey: Guid(eaea0ab19fd73d94fbb2ef19ef6bcf9a) Importer(815301076,1909f56bfc062723c751e8b465ee728b)
Start importing Assets/Scripts/Enemy/PathConfigSO.cs using Guid(eaea0ab19fd73d94fbb2ef19ef6bcf9a) Importer(815301076,1909f56bfc062723c751e8b465ee728b)  -> (artifact id: '4c25acb78791678534fe78febd702d99') in 0.008731 seconds
  Import took 0.035006 seconds .

========================================================================
Received Import Request.
  Time since last request: 70.617981 seconds.
  path: Assets/Prefabs
  artifactKey: Guid(32e1771728284e44ebe41a615f30cc85) Importer(815301076,1909f56bfc062723c751e8b465ee728b)
Start importing Assets/Prefabs using Guid(32e1771728284e44ebe41a615f30cc85) Importer(815301076,1909f56bfc062723c751e8b465ee728b)  -> (artifact id: 'c9f169e132f049cf4f03f7568d123d3a') in 0.017923 seconds
  Import took 0.027609 seconds .

========================================================================
Received Import Request.
  Time since last request: 545.834399 seconds.
  path: Assets/Prefabs/Path0.prefab
  artifactKey: Guid(c3171dad5c754ff47b11c10028996f85) Importer(815301076,1909f56bfc062723c751e8b465ee728b)
Start importing Assets/Prefabs/Path0.prefab using Guid(c3171dad5c754ff47b11c10028996f85) Importer(815301076,1909f56bfc062723c751e8b465ee728b)  -> (artifact id: '6cad02efe6c61212ef62aa029f2392fc') in 0.183235 seconds
  Import took 0.215407 seconds .

========================================================================
Received Import Request.
  Time since last request: 27.027835 seconds.
  path: Assets/Scripts/Scriptable Objects
  artifactKey: Guid(91689dfe86fce4d49b1a475e6a9b0c40) Importer(815301076,1909f56bfc062723c751e8b465ee728b)
Start importing Assets/Scripts/Scriptable Objects using Guid(91689dfe86fce4d49b1a475e6a9b0c40) Importer(815301076,1909f56bfc062723c751e8b465ee728b)  -> (artifact id: '7f89555a98b0f97a039c90511784905c') in 0.082376 seconds
  Import took 0.085944 seconds .

========================================================================
Received Prepare
Registering precompiled user dll's ...
Registered in 0.000779 seconds.
Begin MonoManager ReloadAssembly
Native extension for WindowsStandalone target not found
Native extension for WebGL target not found
Refreshing native plugins compatible for Editor in 0.28 ms, found 0 plugins.
Preloading 0 native plugins for Editor in 0.00 ms.
Mono: successfully reloaded assembly
- Completed reload, in  0.871 seconds
Platform modules already initialized, skipping
Refreshing native plugins compatible for Editor in 0.30 ms, found 0 plugins.
Preloading 0 native plugins for Editor in 0.00 ms.
Unloading 1262 Unused Serialized files (Serialized files now loaded: 0)
System memory in use before: 66.3 MB.
System memory in use after: 66.4 MB.

Unloading 6 unused Assets to reduce memory usage. Loaded Objects now: 1783.
Total: 2.602100 ms (FindLiveObjects: 0.222700 ms CreateObjectMapping: 0.039700 ms MarkObjects: 2.268000 ms  DeleteObjects: 0.069900 ms)

========================================================================
Received Import Request.
  Time since last request: 538.817533 seconds.
  path: Assets/Scripts/Scriptable Objects/Wave 0.asset
  artifactKey: Guid(5ec0a449907f5664bb8815f5140aecae) Importer(815301076,1909f56bfc062723c751e8b465ee728b)
Start importing Assets/Scripts/Scriptable Objects/Wave 0.asset using Guid(5ec0a449907f5664bb8815f5140aecae) Importer(815301076,1909f56bfc062723c751e8b465ee728b)  -> (artifact id: 'e8449fbe3214f8db3e6dbddd10f7345f') in 0.028428 seconds
  Import took 0.039286 seconds .

========================================================================
Received Prepare
Registering precompiled user dll's ...
Registered in 0.000770 seconds.
Begin MonoManager ReloadAssembly
Native extension for WindowsStandalone target not found
Native extension for WebGL target not found
Refreshing native plugins compatible for Editor in 0.30 ms, found 0 plugins.
Preloading 0 native plugins for Editor in 0.00 ms.
Mono: successfully reloaded assembly
- Completed reload, in  0.915 seconds
Platform modules already initialized, skipping
Refreshing native plugins compatible for Editor in 0.26 ms, found 0 plugins.
Preloading 0 native plugins for Editor in 0.00 ms.
Unloading 1262 Unused Serialized files (Serialized files now loaded: 0)
System memory in use before: 66.3 MB.
System memory in use after: 66.4 MB.

Unloading 6 unused Assets to reduce memory usage. Loaded Objects now: 1786.
Total: 4.802400 ms (FindLiveObjects: 0.554000 ms CreateObjectMapping: 0.088500 ms MarkObjects: 4.066800 ms  DeleteObjects: 0.089500 ms)

========================================================================
Received Import Request.
  Time since last request: 65.571815 seconds.
  path: Assets/Prefabs/Waypoint0.prefab
  artifactKey: Guid(c3171dad5c754ff47b11c10028996f85) Importer(815301076,1909f56bfc062723c751e8b465ee728b)
Start importing Assets/Prefabs/Waypoint0.prefab using Guid(c3171dad5c754ff47b11c10028996f85) Importer(815301076,1909f56bfc062723c751e8b465ee728b)  -> (artifact id: 'a888e3b2063f282bc812a8f5b14f337c') in 0.048178 seconds
  Import took 0.066520 seconds .

========================================================================
Received Prepare
Registering precompiled user dll's ...
Registered in 0.001452 seconds.
Begin MonoManager ReloadAssembly
Native extension for WindowsStandalone target not found
Native extension for WebGL target not found
Refreshing native plugins compatible for Editor in 0.56 ms, found 0 plugins.
Preloading 0 native plugins for Editor in 0.00 ms.
Mono: successfully reloaded assembly
- Completed reload, in  0.839 seconds
Platform modules already initialized, skipping
Refreshing native plugins compatible for Editor in 0.27 ms, found 0 plugins.
Preloading 0 native plugins for Editor in 0.00 ms.
Unloading 1262 Unused Serialized files (Serialized files now loaded: 0)
System memory in use before: 66.3 MB.
System memory in use after: 66.4 MB.

Unloading 6 unused Assets to reduce memory usage. Loaded Objects now: 1789.
Total: 4.139700 ms (FindLiveObjects: 0.383300 ms CreateObjectMapping: 0.048000 ms MarkObjects: 3.537500 ms  DeleteObjects: 0.168400 ms)

========================================================================
Received Import Request.
  Time since last request: 262.199475 seconds.
  path: Assets/Scripts/Enemy/Enemy.cs
  artifactKey: Guid(5daacd72887715a4a841f43cf071959a) Importer(815301076,1909f56bfc062723c751e8b465ee728b)
Start importing Assets/Scripts/Enemy/Enemy.cs using Guid(5daacd72887715a4a841f43cf071959a) Importer(815301076,1909f56bfc062723c751e8b465ee728b)  -> (artifact id: '90115fb062518a2443dc1f8a6ddbd0a4') in 0.015816 seconds
  Import took 0.036543 seconds .

========================================================================
Received Prepare
Registering precompiled user dll's ...
Registered in 0.000913 seconds.
Begin MonoManager ReloadAssembly
Native extension for WindowsStandalone target not found
Native extension for WebGL target not found
Refreshing native plugins compatible for Editor in 0.28 ms, found 0 plugins.
Preloading 0 native plugins for Editor in 0.00 ms.
Mono: successfully reloaded assembly
- Completed reload, in  0.874 seconds
Platform modules already initialized, skipping
Refreshing native plugins compatible for Editor in 0.28 ms, found 0 plugins.
Preloading 0 native plugins for Editor in 0.00 ms.
Unloading 1262 Unused Serialized files (Serialized files now loaded: 0)
System memory in use before: 66.3 MB.
System memory in use after: 66.4 MB.

Unloading 6 unused Assets to reduce memory usage. Loaded Objects now: 1792.
Total: 1.993100 ms (FindLiveObjects: 0.221900 ms CreateObjectMapping: 0.043300 ms MarkObjects: 1.652500 ms  DeleteObjects: 0.073600 ms)

========================================================================
Received Import Request.
  Time since last request: 1315.950192 seconds.
  path: Assets/Scripts/Enemy/Enemy.cs
  artifactKey: Guid(5daacd72887715a4a841f43cf071959a) Importer(815301076,1909f56bfc062723c751e8b465ee728b)
Start importing Assets/Scripts/Enemy/Enemy.cs using Guid(5daacd72887715a4a841f43cf071959a) Importer(815301076,1909f56bfc062723c751e8b465ee728b)  -> (artifact id: '8efe6e936d95baf5d615ec6cd0c153de') in 0.018873 seconds
  Import took 0.021752 seconds .

========================================================================
Received Prepare
Registering precompiled user dll's ...
Registered in 0.000856 seconds.
Begin MonoManager ReloadAssembly
Native extension for WindowsStandalone target not found
Native extension for WebGL target not found
Refreshing native plugins compatible for Editor in 0.27 ms, found 0 plugins.
Preloading 0 native plugins for Editor in 0.00 ms.
Mono: successfully reloaded assembly
- Completed reload, in  0.893 seconds
Platform modules already initialized, skipping
Refreshing native plugins compatible for Editor in 0.26 ms, found 0 plugins.
Preloading 0 native plugins for Editor in 0.00 ms.
Unloading 1262 Unused Serialized files (Serialized files now loaded: 0)
System memory in use before: 66.4 MB.
System memory in use after: 66.4 MB.

Unloading 6 unused Assets to reduce memory usage. Loaded Objects now: 1795.
Total: 2.335900 ms (FindLiveObjects: 0.239500 ms CreateObjectMapping: 0.031700 ms MarkObjects: 1.991100 ms  DeleteObjects: 0.071700 ms)

========================================================================
Received Import Request.
  Time since last request: 315.378263 seconds.
  path: Assets/Scripts/Enemy/Enemy.cs
  artifactKey: Guid(5daacd72887715a4a841f43cf071959a) Importer(815301076,1909f56bfc062723c751e8b465ee728b)
Start importing Assets/Scripts/Enemy/Enemy.cs using Guid(5daacd72887715a4a841f43cf071959a) Importer(815301076,1909f56bfc062723c751e8b465ee728b)  -> (artifact id: '6f42d02f0a4ee81b6c07dd654aa0bf74') in 0.011596 seconds
  Import took 0.022183 seconds .

========================================================================
Received Prepare
Registering precompiled user dll's ...
Registered in 0.000871 seconds.
Begin MonoManager ReloadAssembly
Native extension for WindowsStandalone target not found
Native extension for WebGL target not found
Refreshing native plugins compatible for Editor in 0.60 ms, found 0 plugins.
Preloading 0 native plugins for Editor in 0.00 ms.
Mono: successfully reloaded assembly
- Completed reload, in  0.923 seconds
Platform modules already initialized, skipping
Refreshing native plugins compatible for Editor in 0.38 ms, found 0 plugins.
Preloading 0 native plugins for Editor in 0.00 ms.
Unloading 1262 Unused Serialized files (Serialized files now loaded: 0)
System memory in use before: 66.4 MB.
System memory in use after: 66.4 MB.

Unloading 6 unused Assets to reduce memory usage. Loaded Objects now: 1798.
Total: 2.489500 ms (FindLiveObjects: 0.192500 ms CreateObjectMapping: 0.030000 ms MarkObjects: 2.172500 ms  DeleteObjects: 0.092900 ms)

========================================================================
Received Prepare
Registering precompiled user dll's ...
Registered in 0.000737 seconds.
Begin MonoManager ReloadAssembly
Native extension for WindowsStandalone target not found
Native extension for WebGL target not found
Refreshing native plugins compatible for Editor in 0.26 ms, found 0 plugins.
Preloading 0 native plugins for Editor in 0.00 ms.
Mono: successfully reloaded assembly
- Completed reload, in  0.935 seconds
Platform modules already initialized, skipping
Refreshing native plugins compatible for Editor in 0.26 ms, found 0 plugins.
Preloading 0 native plugins for Editor in 0.00 ms.
Unloading 1262 Unused Serialized files (Serialized files now loaded: 0)
System memory in use before: 66.4 MB.
System memory in use after: 66.4 MB.

Unloading 6 unused Assets to reduce memory usage. Loaded Objects now: 1801.
Total: 3.144200 ms (FindLiveObjects: 0.642400 ms CreateObjectMapping: 0.144600 ms MarkObjects: 2.281500 ms  DeleteObjects: 0.073500 ms)

========================================================================
Received Prepare
Registering precompiled user dll's ...
Registered in 0.001148 seconds.
Begin MonoManager ReloadAssembly
Native extension for WindowsStandalone target not found
Native extension for WebGL target not found
Refreshing native plugins compatible for Editor in 0.60 ms, found 0 plugins.
Preloading 0 native plugins for Editor in 0.00 ms.
Mono: successfully reloaded assembly
- Completed reload, in  0.891 seconds
Platform modules already initialized, skipping
Refreshing native plugins compatible for Editor in 0.30 ms, found 0 plugins.
Preloading 0 native plugins for Editor in 0.00 ms.
Unloading 1262 Unused Serialized files (Serialized files now loaded: 0)
System memory in use before: 66.4 MB.
System memory in use after: 66.4 MB.

Unloading 6 unused Assets to reduce memory usage. Loaded Objects now: 1804.
Total: 2.093300 ms (FindLiveObjects: 0.224300 ms CreateObjectMapping: 0.032600 ms MarkObjects: 1.761400 ms  DeleteObjects: 0.073200 ms)

========================================================================
Received Prepare
Registering precompiled user dll's ...
Registered in 0.000907 seconds.
Begin MonoManager ReloadAssembly
Native extension for WindowsStandalone target not found
Native extension for WebGL target not found
Refreshing native plugins compatible for Editor in 0.28 ms, found 0 plugins.
Preloading 0 native plugins for Editor in 0.00 ms.
Mono: successfully reloaded assembly
- Completed reload, in  0.868 seconds
Platform modules already initialized, skipping
Refreshing native plugins compatible for Editor in 0.26 ms, found 0 plugins.
Preloading 0 native plugins for Editor in 0.00 ms.
Unloading 1262 Unused Serialized files (Serialized files now loaded: 0)
System memory in use before: 66.4 MB.
System memory in use after: 66.5 MB.

Unloading 6 unused Assets to reduce memory usage. Loaded Objects now: 1807.
Total: 2.579800 ms (FindLiveObjects: 0.404700 ms CreateObjectMapping: 0.048200 ms MarkObjects: 2.049100 ms  DeleteObjects: 0.075200 ms)

========================================================================
Received Prepare
Registering precompiled user dll's ...
Registered in 0.000786 seconds.
Begin MonoManager ReloadAssembly
Native extension for WindowsStandalone target not found
Native extension for WebGL target not found
Refreshing native plugins compatible for Editor in 0.27 ms, found 0 plugins.
Preloading 0 native plugins for Editor in 0.00 ms.
Mono: successfully reloaded assembly
- Completed reload, in  0.867 seconds
Platform modules already initialized, skipping
Refreshing native plugins compatible for Editor in 0.55 ms, found 0 plugins.
Preloading 0 native plugins for Editor in 0.00 ms.
Unloading 1262 Unused Serialized files (Serialized files now loaded: 0)
System memory in use before: 66.4 MB.
System memory in use after: 66.5 MB.

Unloading 6 unused Assets to reduce memory usage. Loaded Objects now: 1810.
Total: 1.915400 ms (FindLiveObjects: 0.208800 ms CreateObjectMapping: 0.041200 ms MarkObjects: 1.591100 ms  DeleteObjects: 0.072800 ms)

========================================================================
Received Prepare
Registering precompiled user dll's ...
Registered in 0.000786 seconds.
Begin MonoManager ReloadAssembly
Native extension for WindowsStandalone target not found
Native extension for WebGL target not found
Refreshing native plugins compatible for Editor in 0.44 ms, found 0 plugins.
Preloading 0 native plugins for Editor in 0.00 ms.
Mono: successfully reloaded assembly
- Completed reload, in  0.921 seconds
Platform modules already initialized, skipping
Refreshing native plugins compatible for Editor in 0.26 ms, found 0 plugins.
Preloading 0 native plugins for Editor in 0.00 ms.
Unloading 1262 Unused Serialized files (Serialized files now loaded: 0)
System memory in use before: 66.4 MB.
System memory in use after: 66.5 MB.

Unloading 6 unused Assets to reduce memory usage. Loaded Objects now: 1813.
Total: 2.086000 ms (FindLiveObjects: 0.243100 ms CreateObjectMapping: 0.036700 ms MarkObjects: 1.734700 ms  DeleteObjects: 0.070300 ms)

========================================================================
Received Prepare
Registering precompiled user dll's ...
Registered in 0.000843 seconds.
Begin MonoManager ReloadAssembly
Native extension for WindowsStandalone target not found
Native extension for WebGL target not found
Refreshing native plugins compatible for Editor in 0.79 ms, found 0 plugins.
Preloading 0 native plugins for Editor in 0.00 ms.
Mono: successfully reloaded assembly
- Completed reload, in  0.855 seconds
Platform modules already initialized, skipping
Refreshing native plugins compatible for Editor in 0.27 ms, found 0 plugins.
Preloading 0 native plugins for Editor in 0.00 ms.
Unloading 1262 Unused Serialized files (Serialized files now loaded: 0)
System memory in use before: 66.4 MB.
System memory in use after: 66.5 MB.

Unloading 6 unused Assets to reduce memory usage. Loaded Objects now: 1816.
Total: 2.033100 ms (FindLiveObjects: 0.254800 ms CreateObjectMapping: 0.035400 ms MarkObjects: 1.674600 ms  DeleteObjects: 0.066900 ms)

========================================================================
Received Prepare
Registering precompiled user dll's ...
Registered in 0.000718 seconds.
Begin MonoManager ReloadAssembly
Native extension for WindowsStandalone target not found
Native extension for WebGL target not found
Refreshing native plugins compatible for Editor in 0.28 ms, found 0 plugins.
Preloading 0 native plugins for Editor in 0.00 ms.
Mono: successfully reloaded assembly
- Completed reload, in  0.945 seconds
Platform modules already initialized, skipping
Refreshing native plugins compatible for Editor in 0.26 ms, found 0 plugins.
Preloading 0 native plugins for Editor in 0.00 ms.
Unloading 1262 Unused Serialized files (Serialized files now loaded: 0)
System memory in use before: 66.4 MB.
System memory in use after: 66.5 MB.

Unloading 6 unused Assets to reduce memory usage. Loaded Objects now: 1819.
Total: 3.593600 ms (FindLiveObjects: 0.477200 ms CreateObjectMapping: 0.052500 ms MarkObjects: 2.871500 ms  DeleteObjects: 0.188800 ms)

========================================================================
Received Prepare
Registering precompiled user dll's ...
Registered in 0.000654 seconds.
Begin MonoManager ReloadAssembly
Native extension for WindowsStandalone target not found
Native extension for WebGL target not found
Refreshing native plugins compatible for Editor in 0.66 ms, found 0 plugins.
Preloading 0 native plugins for Editor in 0.00 ms.
Mono: successfully reloaded assembly
- Completed reload, in  0.890 seconds
Platform modules already initialized, skipping
Refreshing native plugins compatible for Editor in 0.26 ms, found 0 plugins.
Preloading 0 native plugins for Editor in 0.00 ms.
Unloading 1262 Unused Serialized files (Serialized files now loaded: 0)
System memory in use before: 66.4 MB.
System memory in use after: 66.5 MB.

Unloading 6 unused Assets to reduce memory usage. Loaded Objects now: 1822.
Total: 3.553200 ms (FindLiveObjects: 0.285400 ms CreateObjectMapping: 0.033500 ms MarkObjects: 3.157800 ms  DeleteObjects: 0.074600 ms)

========================================================================
Received Prepare
Registering precompiled user dll's ...
Registered in 0.001118 seconds.
Begin MonoManager ReloadAssembly
Native extension for WindowsStandalone target not found
Native extension for WebGL target not found
Refreshing native plugins compatible for Editor in 0.30 ms, found 0 plugins.
Preloading 0 native plugins for Editor in 0.00 ms.
Mono: successfully reloaded assembly
- Completed reload, in  0.853 seconds
Platform modules already initialized, skipping
Refreshing native plugins compatible for Editor in 0.31 ms, found 0 plugins.
Preloading 0 native plugins for Editor in 0.00 ms.
Unloading 1262 Unused Serialized files (Serialized files now loaded: 0)
System memory in use before: 66.4 MB.
System memory in use after: 66.5 MB.

Unloading 6 unused Assets to reduce memory usage. Loaded Objects now: 1825.
Total: 2.587700 ms (FindLiveObjects: 0.307700 ms CreateObjectMapping: 0.046600 ms MarkObjects: 2.143200 ms  DeleteObjects: 0.088300 ms)

========================================================================
Received Prepare
Registering precompiled user dll's ...
Registered in 0.001207 seconds.
Begin MonoManager ReloadAssembly
Native extension for WindowsStandalone target not found
Native extension for WebGL target not found
Refreshing native plugins compatible for Editor in 0.41 ms, found 0 plugins.
Preloading 0 native plugins for Editor in 0.00 ms.
Mono: successfully reloaded assembly
- Completed reload, in  0.904 seconds
Platform modules already initialized, skipping
Refreshing native plugins compatible for Editor in 0.28 ms, found 0 plugins.
Preloading 0 native plugins for Editor in 0.00 ms.
Unloading 1262 Unused Serialized files (Serialized files now loaded: 0)
System memory in use before: 66.4 MB.
System memory in use after: 66.5 MB.

Unloading 6 unused Assets to reduce memory usage. Loaded Objects now: 1828.
Total: 2.109700 ms (FindLiveObjects: 0.385600 ms CreateObjectMapping: 0.048600 ms MarkObjects: 1.606300 ms  DeleteObjects: 0.067200 ms)

========================================================================
Received Prepare
Registering precompiled user dll's ...
Registered in 0.000982 seconds.
Begin MonoManager ReloadAssembly
Native extension for WindowsStandalone target not found
Native extension for WebGL target not found
Refreshing native plugins compatible for Editor in 0.28 ms, found 0 plugins.
Preloading 0 native plugins for Editor in 0.00 ms.
Mono: successfully reloaded assembly
- Completed reload, in  0.914 seconds
Platform modules already initialized, skipping
Refreshing native plugins compatible for Editor in 0.61 ms, found 0 plugins.
Preloading 0 native plugins for Editor in 0.00 ms.
Unloading 1262 Unused Serialized files (Serialized files now loaded: 0)
System memory in use before: 66.4 MB.
System memory in use after: 66.5 MB.

Unloading 6 unused Assets to reduce memory usage. Loaded Objects now: 1831.
Total: 2.152100 ms (FindLiveObjects: 0.241700 ms CreateObjectMapping: 0.036300 ms MarkObjects: 1.785000 ms  DeleteObjects: 0.087600 ms)

========================================================================
Received Prepare
Registering precompiled user dll's ...
Registered in 0.001677 seconds.
Begin MonoManager ReloadAssembly
Native extension for WindowsStandalone target not found
Native extension for WebGL target not found
Refreshing native plugins compatible for Editor in 0.26 ms, found 0 plugins.
Preloading 0 native plugins for Editor in 0.00 ms.
Mono: successfully reloaded assembly
- Completed reload, in  0.888 seconds
Platform modules already initialized, skipping
Refreshing native plugins compatible for Editor in 0.27 ms, found 0 plugins.
Preloading 0 native plugins for Editor in 0.00 ms.
Unloading 1262 Unused Serialized files (Serialized files now loaded: 0)
System memory in use before: 66.4 MB.
System memory in use after: 66.5 MB.

Unloading 6 unused Assets to reduce memory usage. Loaded Objects now: 1834.
Total: 2.092500 ms (FindLiveObjects: 0.293900 ms CreateObjectMapping: 0.046500 ms MarkObjects: 1.679000 ms  DeleteObjects: 0.071500 ms)

========================================================================
Received Prepare
Registering precompiled user dll's ...
Registered in 0.000727 seconds.
Begin MonoManager ReloadAssembly
Native extension for WindowsStandalone target not found
Native extension for WebGL target not found
Refreshing native plugins compatible for Editor in 0.27 ms, found 0 plugins.
Preloading 0 native plugins for Editor in 0.00 ms.
Mono: successfully reloaded assembly
- Completed reload, in  0.886 seconds
Platform modules already initialized, skipping
Refreshing native plugins compatible for Editor in 0.27 ms, found 0 plugins.
Preloading 0 native plugins for Editor in 0.00 ms.
Unloading 1262 Unused Serialized files (Serialized files now loaded: 0)
System memory in use before: 66.4 MB.
System memory in use after: 66.5 MB.

Unloading 6 unused Assets to reduce memory usage. Loaded Objects now: 1837.
Total: 5.996200 ms (FindLiveObjects: 0.735200 ms CreateObjectMapping: 0.129200 ms MarkObjects: 4.902500 ms  DeleteObjects: 0.224400 ms)

========================================================================
Received Import Request.
  Time since last request: 1898.128123 seconds.
  path: Assets/Scripts/Scriptable Objects/Wave 0.asset
  artifactKey: Guid(5ec0a449907f5664bb8815f5140aecae) Importer(815301076,1909f56bfc062723c751e8b465ee728b)
Start importing Assets/Scripts/Scriptable Objects/Wave 0.asset using Guid(5ec0a449907f5664bb8815f5140aecae) Importer(815301076,1909f56bfc062723c751e8b465ee728b)  -> (artifact id: 'ee3e0f4034fa30fef5d9c4d26f354645') in 0.032170 seconds
  Import took 0.046489 seconds .

AssetImportWorkerClient::OnTransportError - code=2 error=End of file
